# column   1     --> step : The current simulation time step.
# column   2     --> time{picosecond} : The elapsed simulation time.
# column   3     --> potential{electronvolt} : The physical system potential energy.
# column   4     --> conserved : The value of the conserved energy quantity per bead.
# column   5     --> temperature{kelvin} : The current temperature, as obtained from the MD kinetic energy.
# column   6     --> ensemble_temperature{kelvin} : The target temperature for the current ensemble
    0.00000000e+00     0.00000000e+00    -2.10342135e+04    -7.72956248e+02     2.33626809e+01     3.00000000e+02   
    1.00000000e+00     5.00000000e-04    -2.10342505e+04    -7.72956337e+02     2.63031102e+01     3.00000000e+02   
    2.00000000e+00     1.00000000e-03    -2.10343534e+04    -7.72956549e+02     2.96543680e+01     3.00000000e+02   
    3.00000000e+00     1.50000000e-03    -2.10344717e+04    -7.72956568e+02     3.40967524e+01     3.00000000e+02   
    4.00000000e+00     2.00000000e-03    -2.10345717e+04    -7.72956509e+02     3.74612204e+01     3.00000000e+02   
    5.00000000e+00     2.50000000e-03    -2.10346658e+04    -7.72956470e+02     4.03444441e+01     3.00000000e+02   
    6.00000000e+00     3.00000000e-03    -2.10347439e+04    -7.72956486e+02     4.29642113e+01     3.00000000e+02   
    7.00000000e+00     3.50000000e-03    -2.10348019e+04    -7.72956378e+02     4.59581561e+01     3.00000000e+02   
    8.00000000e+00     4.00000000e-03    -2.10348474e+04    -7.72956373e+02     4.76243320e+01     3.00000000e+02   
    9.00000000e+00     4.50000000e-03    -2.10348750e+04    -7.72956348e+02     4.99042783e+01     3.00000000e+02   
    1.00000000e+01     5.00000000e-03    -2.10348976e+04    -7.72956290e+02     5.09733330e+01     3.00000000e+02   
    1.10000000e+01     5.50000000e-03    -2.10349366e+04    -7.72956225e+02     5.15428952e+01     3.00000000e+02   
    1.20000000e+01     6.00000000e-03    -2.10349940e+04    -7.72956182e+02     5.45063613e+01     3.00000000e+02   
    1.30000000e+01     6.50000000e-03    -2.10350875e+04    -7.72956224e+02     5.67193613e+01     3.00000000e+02   
    1.40000000e+01     7.00000000e-03    -2.10352051e+04    -7.72956300e+02     6.06619110e+01     3.00000000e+02   
    1.50000000e+01     7.50000000e-03    -2.10353226e+04    -7.72956354e+02     6.45945414e+01     3.00000000e+02   
    1.60000000e+01     8.00000000e-03    -2.10354111e+04    -7.72956459e+02     6.77702940e+01     3.00000000e+02   
    1.70000000e+01     8.50000000e-03    -2.10354333e+04    -7.72956455e+02     7.17599513e+01     3.00000000e+02   
    1.80000000e+01     9.00000000e-03    -2.10353776e+04    -7.72956458e+02     7.30856250e+01     3.00000000e+02   
    1.90000000e+01     9.50000000e-03    -2.10352526e+04    -7.72956425e+02     7.25491449e+01     3.00000000e+02   
    2.00000000e+01     1.00000000e-02    -2.10351024e+04    -7.72956252e+02     7.06659815e+01     3.00000000e+02   
    2.10000000e+01     1.05000000e-02    -2.10349787e+04    -7.72956194e+02     6.92928376e+01     3.00000000e+02   
    2.20000000e+01     1.10000000e-02    -2.10349076e+04    -7.72956230e+02     7.03670878e+01     3.00000000e+02   
    2.30000000e+01     1.15000000e-02    -2.10348762e+04    -7.72956299e+02     7.12168867e+01     3.00000000e+02   
    2.40000000e+01     1.20000000e-02    -2.10348503e+04    -7.72956319e+02     7.15950359e+01     3.00000000e+02   
    2.50000000e+01     1.25000000e-02    -2.10348189e+04    -7.72956262e+02     7.08091810e+01     3.00000000e+02   
    2.60000000e+01     1.30000000e-02    -2.10347847e+04    -7.72956209e+02     7.14992081e+01     3.00000000e+02   
    2.70000000e+01     1.35000000e-02    -2.10347637e+04    -7.72956252e+02     7.41028270e+01     3.00000000e+02   
    2.80000000e+01     1.40000000e-02    -2.10347414e+04    -7.72956248e+02     7.53223531e+01     3.00000000e+02   
    2.90000000e+01     1.45000000e-02    -2.10346985e+04    -7.72956163e+02     7.65581257e+01     3.00000000e+02   
    3.00000000e+01     1.50000000e-02    -2.10346518e+04    -7.72956203e+02     7.84189487e+01     3.00000000e+02   
    3.10000000e+01     1.55000000e-02    -2.10346059e+04    -7.72956138e+02     7.91206195e+01     3.00000000e+02   
    3.20000000e+01     1.60000000e-02    -2.10345649e+04    -7.72956026e+02     8.13465776e+01     3.00000000e+02   
    3.30000000e+01     1.65000000e-02    -2.10345552e+04    -7.72955984e+02     8.39670383e+01     3.00000000e+02   
    3.40000000e+01     1.70000000e-02    -2.10345796e+04    -7.72956132e+02     8.44050339e+01     3.00000000e+02   
    3.50000000e+01     1.75000000e-02    -2.10346180e+04    -7.72956213e+02     8.81015886e+01     3.00000000e+02   
    3.60000000e+01     1.80000000e-02    -2.10346534e+04    -7.72956224e+02     9.14100056e+01     3.00000000e+02   
    3.70000000e+01     1.85000000e-02    -2.10346771e+04    -7.72956250e+02     9.18347083e+01     3.00000000e+02   
    3.80000000e+01     1.90000000e-02    -2.10346690e+04    -7.72956227e+02     9.18600028e+01     3.00000000e+02   
    3.90000000e+01     1.95000000e-02    -2.10346431e+04    -7.72956173e+02     9.29561962e+01     3.00000000e+02   
    4.00000000e+01     2.00000000e-02    -2.10345954e+04    -7.72956178e+02     9.31364201e+01     3.00000000e+02   
    4.10000000e+01     2.05000000e-02    -2.10345264e+04    -7.72956078e+02     9.32176258e+01     3.00000000e+02   
    4.20000000e+01     2.10000000e-02    -2.10344668e+04    -7.72956035e+02     9.34482660e+01     3.00000000e+02   
    4.30000000e+01     2.15000000e-02    -2.10344425e+04    -7.72956022e+02     9.38834310e+01     3.00000000e+02   
    4.40000000e+01     2.20000000e-02    -2.10344504e+04    -7.72956030e+02     9.74178104e+01     3.00000000e+02   
    4.50000000e+01     2.25000000e-02    -2.10344665e+04    -7.72956089e+02     1.02150113e+02     3.00000000e+02   
    4.60000000e+01     2.30000000e-02    -2.10344677e+04    -7.72956093e+02     1.04129867e+02     3.00000000e+02   
    4.70000000e+01     2.35000000e-02    -2.10344469e+04    -7.72956044e+02     1.05914047e+02     3.00000000e+02   
    4.80000000e+01     2.40000000e-02    -2.10344094e+04    -7.72955984e+02     1.06537665e+02     3.00000000e+02   
    4.90000000e+01     2.45000000e-02    -2.10343856e+04    -7.72955855e+02     1.07119255e+02     3.00000000e+02   
    5.00000000e+01     2.50000000e-02    -2.10343930e+04    -7.72955934e+02     1.08819014e+02     3.00000000e+02   
    5.10000000e+01     2.55000000e-02    -2.10344259e+04    -7.72956071e+02     1.10020660e+02     3.00000000e+02   
    5.20000000e+01     2.60000000e-02    -2.10344474e+04    -7.72956101e+02     1.12557860e+02     3.00000000e+02   
    5.30000000e+01     2.65000000e-02    -2.10344441e+04    -7.72955996e+02     1.14883855e+02     3.00000000e+02   
    5.40000000e+01     2.70000000e-02    -2.10344283e+04    -7.72955961e+02     1.17326310e+02     3.00000000e+02   
    5.50000000e+01     2.75000000e-02    -2.10344031e+04    -7.72955952e+02     1.19340038e+02     3.00000000e+02   
    5.60000000e+01     2.80000000e-02    -2.10343740e+04    -7.72955858e+02     1.19853461e+02     3.00000000e+02   
    5.70000000e+01     2.85000000e-02    -2.10343717e+04    -7.72955892e+02     1.19054703e+02     3.00000000e+02   
    5.80000000e+01     2.90000000e-02    -2.10343757e+04    -7.72955837e+02     1.20704757e+02     3.00000000e+02   
    5.90000000e+01     2.95000000e-02    -2.10343765e+04    -7.72955959e+02     1.21495132e+02     3.00000000e+02   
    6.00000000e+01     3.00000000e-02    -2.10343617e+04    -7.72955965e+02     1.21866763e+02     3.00000000e+02   
    6.10000000e+01     3.05000000e-02    -2.10343131e+04    -7.72955998e+02     1.22096594e+02     3.00000000e+02   
    6.20000000e+01     3.10000000e-02    -2.10342357e+04    -7.72955889e+02     1.21028673e+02     3.00000000e+02   
    6.30000000e+01     3.15000000e-02    -2.10341581e+04    -7.72955732e+02     1.21026506e+02     3.00000000e+02   
    6.40000000e+01     3.20000000e-02    -2.10341314e+04    -7.72955758e+02     1.23486192e+02     3.00000000e+02   
    6.50000000e+01     3.25000000e-02    -2.10341650e+04    -7.72955763e+02     1.26175565e+02     3.00000000e+02   
    6.60000000e+01     3.30000000e-02    -2.10342276e+04    -7.72955801e+02     1.27731589e+02     3.00000000e+02   
    6.70000000e+01     3.35000000e-02    -2.10342779e+04    -7.72955829e+02     1.29920741e+02     3.00000000e+02   
    6.80000000e+01     3.40000000e-02    -2.10342805e+04    -7.72955772e+02     1.29917273e+02     3.00000000e+02   
    6.90000000e+01     3.45000000e-02    -2.10342716e+04    -7.72955775e+02     1.30700205e+02     3.00000000e+02   
    7.00000000e+01     3.50000000e-02    -2.10342451e+04    -7.72955770e+02     1.32453669e+02     3.00000000e+02   
    7.10000000e+01     3.55000000e-02    -2.10342245e+04    -7.72955787e+02     1.30547640e+02     3.00000000e+02   
    7.20000000e+01     3.60000000e-02    -2.10342027e+04    -7.72955708e+02     1.32320781e+02     3.00000000e+02   
    7.30000000e+01     3.65000000e-02    -2.10341830e+04    -7.72955691e+02     1.33991584e+02     3.00000000e+02   
    7.40000000e+01     3.70000000e-02    -2.10341900e+04    -7.72955836e+02     1.34527273e+02     3.00000000e+02   
    7.50000000e+01     3.75000000e-02    -2.10341611e+04    -7.72955865e+02     1.34858849e+02     3.00000000e+02   
    7.60000000e+01     3.80000000e-02    -2.10340909e+04    -7.72955714e+02     1.36621989e+02     3.00000000e+02   
    7.70000000e+01     3.85000000e-02    -2.10340320e+04    -7.72955674e+02     1.37341608e+02     3.00000000e+02   
    7.80000000e+01     3.90000000e-02    -2.10340067e+04    -7.72955528e+02     1.38433621e+02     3.00000000e+02   
    7.90000000e+01     3.95000000e-02    -2.10340324e+04    -7.72955624e+02     1.40692981e+02     3.00000000e+02   
    8.00000000e+01     4.00000000e-02    -2.10340768e+04    -7.72955731e+02     1.44250377e+02     3.00000000e+02   
    8.10000000e+01     4.05000000e-02    -2.10340861e+04    -7.72955823e+02     1.46731574e+02     3.00000000e+02   
    8.20000000e+01     4.10000000e-02    -2.10340275e+04    -7.72955853e+02     1.47971504e+02     3.00000000e+02   
    8.30000000e+01     4.15000000e-02    -2.10339123e+04    -7.72955742e+02     1.47854515e+02     3.00000000e+02   
    8.40000000e+01     4.20000000e-02    -2.10337808e+04    -7.72955590e+02     1.48505535e+02     3.00000000e+02   
    8.50000000e+01     4.25000000e-02    -2.10336715e+04    -7.72955573e+02     1.48019997e+02     3.00000000e+02   
    8.60000000e+01     4.30000000e-02    -2.10335895e+04    -7.72955624e+02     1.47415910e+02     3.00000000e+02   
    8.70000000e+01     4.35000000e-02    -2.10335090e+04    -7.72955620e+02     1.46616253e+02     3.00000000e+02   
    8.80000000e+01     4.40000000e-02    -2.10334325e+04    -7.72955499e+02     1.45437668e+02     3.00000000e+02   
    8.90000000e+01     4.45000000e-02    -2.10333827e+04    -7.72955497e+02     1.45092295e+02     3.00000000e+02   
    9.00000000e+01     4.50000000e-02    -2.10333700e+04    -7.72955485e+02     1.44361679e+02     3.00000000e+02   
    9.10000000e+01     4.55000000e-02    -2.10333866e+04    -7.72955480e+02     1.44534396e+02     3.00000000e+02   
    9.20000000e+01     4.60000000e-02    -2.10334361e+04    -7.72955551e+02     1.48736578e+02     3.00000000e+02   
    9.30000000e+01     4.65000000e-02    -2.10335033e+04    -7.72955529e+02     1.50743047e+02     3.00000000e+02   
    9.40000000e+01     4.70000000e-02    -2.10335708e+04    -7.72955606e+02     1.52638295e+02     3.00000000e+02   
    9.50000000e+01     4.75000000e-02    -2.10336140e+04    -7.72955577e+02     1.54381897e+02     3.00000000e+02   
    9.60000000e+01     4.80000000e-02    -2.10336290e+04    -7.72955573e+02     1.55166408e+02     3.00000000e+02   
    9.70000000e+01     4.85000000e-02    -2.10336150e+04    -7.72955567e+02     1.55041095e+02     3.00000000e+02   
    9.80000000e+01     4.90000000e-02    -2.10335837e+04    -7.72955573e+02     1.54887324e+02     3.00000000e+02   
    9.90000000e+01     4.95000000e-02    -2.10335177e+04    -7.72955518e+02     1.53232882e+02     3.00000000e+02   
    1.00000000e+02     5.00000000e-02    -2.10334554e+04    -7.72955371e+02     1.51440857e+02     3.00000000e+02   
